<?xml version="1.0" encoding="utf-8"?><testsuites name="pytest tests"><testsuite name="pytest" errors="0" failures="0" skipped="0" tests="6" time="5.791" timestamp="2026-06-27T00:12:23.567065+00:00" hostname="agent-env-aab5949f-ae55-422d-a602-634d133e044b"><testcase classname="tests.test_funnel_photo" name="test_create_funnel_with_photo_persists" time="0.434" /><testcase classname="tests.test_funnel_photo" name="test_update_funnel_keeps_photo" time="0.147" /><testcase classname="tests.test_funnel_photo" name="test_funnel_page_renders_with_photo_and_suppressor" time="2.318" /><testcase classname="tests.test_funnel_photo" name="test_funnel_page_personalization" time="1.865" /><testcase classname="tests.test_funnel_photo" name="test_lead_submission_persists_even_without_resend" time="0.277" /><testcase classname="tests.test_funnel_photo" name="test_funnel_appears_in_list" time="0.245" /></testsuite></testsuites>