<?xml version="1.0" encoding="utf-8"?><testsuites name="pytest tests"><testsuite name="pytest" errors="0" failures="0" skipped="0" tests="5" time="28.918" timestamp="2026-06-26T21:08:25.599422+00:00" hostname="agent-env-aab5949f-ae55-422d-a602-634d133e044b"><testcase classname="tests.test_guardian.TestAnalyzeContent" name="test_analyze_content_returns_full_shape" time="15.343" /><testcase classname="tests.test_guardian.TestAnalyzeContent" name="test_analysis_persisted_in_history" time="0.053" /><testcase classname="tests.test_guardian.TestAnalyzeContent" name="test_analyze_content_en" time="12.908" /><testcase classname="tests.test_guardian.TestAnalyzeContent" name="test_analyze_missing_content_returns_422" time="0.049" /><testcase classname="tests.test_guardian.TestAnalyzeContent" name="test_analyze_unknown_brand_returns_404" time="0.052" /></testsuite></testsuites>