<?xml version="1.0" encoding="utf-8"?><testsuites name="pytest tests"><testsuite name="pytest" errors="0" failures="0" skipped="0" tests="15" time="34.939" timestamp="2026-06-26T19:45:56.176961+00:00" hostname="agent-env-aab5949f-ae55-422d-a602-634d133e044b"><testcase classname="tests.backend_test.TestGeneration" name="test_generate_copy_claude" time="8.988" /><testcase classname="tests.backend_test.TestBrands" name="test_list_brands_has_default" time="0.236" /><testcase classname="tests.backend_test.TestBrands" name="test_get_default_brand" time="0.209" /><testcase classname="tests.backend_test.TestBrands" name="test_get_unknown_brand_returns_404" time="0.049" /><testcase classname="tests.backend_test.TestBrands" name="test_create_brand_and_persist" time="0.103" /><testcase classname="tests.backend_test.TestBrands" name="test_update_brand" time="0.095" /><testcase classname="tests.backend_test.TestBrands" name="test_cannot_delete_default_brand" time="0.050" /><testcase classname="tests.backend_test.TestBrands" name="test_delete_created_brand" time="0.091" /><testcase classname="tests.backend_test.TestPrompts" name="test_get_all_prompts" time="0.051" /><testcase classname="tests.backend_test.TestPrompts" name="test_filter_by_category" time="0.049" /><testcase classname="tests.backend_test.TestPrompts" name="test_search_query" time="0.044" /><testcase classname="tests.backend_test" name="test_root" time="0.044" /><testcase classname="tests.backend_test.TestGeneration" name="test_generate_social_multi_platform" time="16.110" /><testcase classname="tests.backend_test.TestGeneration" name="test_generate_image" time="9.221" /><testcase classname="tests.backend_test.TestGeneration" name="test_generate_with_unknown_brand_404" time="0.050" /></testsuite></testsuites>