<?xml version="1.0" encoding="utf-8"?><testsuites name="pytest tests"><testsuite name="pytest" errors="0" failures="1" skipped="0" tests="8" time="49.806" timestamp="2026-06-26T20:40:04.540067+00:00" hostname="agent-env-aab5949f-ae55-422d-a602-634d133e044b"><testcase classname="tests.test_new_features.TestCampaign" name="test_generate_campaign" time="20.279" /><testcase classname="tests.test_new_features.TestHistoryFilterDelete" name="test_history_all" time="0.620" /><testcase classname="tests.test_new_features.TestHistoryFilterDelete" name="test_history_filter_landingpage" time="0.059" /><testcase classname="tests.test_new_features.TestHistoryFilterDelete" name="test_delete_history_item" time="0.001"><failure message="assert None&#10; +  where None = TestLandingpage.created_id">backend/tests/test_new_features.py:112: in test_delete_history_item
    assert TestLandingpage.created_id
E   assert None
E    +  where None = TestLandingpage.created_id</failure></testcase><testcase classname="tests.test_new_features.TestHistoryFilterDelete" name="test_delete_unknown_returns_ok" time="0.052" /><testcase classname="tests.test_new_features.TestLandingpage" name="test_generate_landingpage" time="25.313" /><testcase classname="tests.test_new_features.TestCampaign" name="test_campaign_in_history" time="0.137" /><testcase classname="tests.test_new_features.TestCalendar" name="test_generate_calendar_30" time="28.849" /></testsuite></testsuites>